\BOOKMARK [0][-]{chapter.1}{\376\377\000P\000r\000o\000p\000o\000s\000i\000t\000i\000o\000n\000a\000l\000\040\000L\000o\000g\000i\000c}{}% 1
\BOOKMARK [1][-]{section.1.1}{\376\377\000P\000r\000o\000p\000o\000s\000i\000t\000i\000o\000n\000a\000l\000\040\000F\000o\000r\000m\000u\000l\000a\000e}{chapter.1}% 2
\BOOKMARK [2][-]{subsection.1.1.1}{\376\377\000P\000r\000o\000p\000o\000s\000i\000t\000i\000o\000n\000s\000\040\000a\000n\000d\000\040\000C\000o\000n\000n\000e\000c\000t\000i\000v\000e\000s}{section.1.1}% 3
\BOOKMARK [2][-]{subsection.1.1.2}{\376\377\000T\000r\000u\000t\000h\000\040\000F\000u\000n\000c\000t\000i\000o\000n\000s}{section.1.1}% 4
\BOOKMARK [2][-]{subsection.1.1.3}{\376\377\000A\000d\000e\000q\000u\000a\000c\000y}{section.1.1}% 5
\BOOKMARK [1][-]{section.1.2}{\376\377\000A\000\040\000F\000o\000r\000m\000a\000l\000\040\000S\000y\000s\000t\000e\000m\000\040\000f\000o\000r\000\040\000P\000r\000o\000p\000o\000s\000i\000t\000i\000o\000n\000a\000l\000\040\000L\000o\000g\000i\000c}{chapter.1}% 6
\BOOKMARK [2][-]{subsection.1.2.1}{\376\377\000F\000o\000r\000m\000a\000l\000\040\000D\000e\000d\000u\000c\000t\000i\000o\000n\000\040\000S\000y\000s\000t\000e\000m\000s}{section.1.2}% 7
\BOOKMARK [2][-]{subsection.1.2.2}{\376\377\000C\000o\000n\000s\000t\000r\000u\000c\000t\000i\000n\000g\000\040\000a\000\040\000F\000o\000r\000m\000a\000l\000\040\000S\000y\000s\000t\000e\000m\000\040\000P\000r\000o\000p\000o\000s\000i\000t\000i\000o\000n\000a\000l\000\040\000L\000o\000g\000i\000c}{section.1.2}% 8
\BOOKMARK [2][-]{subsection.1.2.3}{\376\377\000D\000e\000d\000u\000c\000t\000i\000o\000n\000s\000\040\000i\000n\000\040\000L}{section.1.2}% 9
\BOOKMARK [1][-]{section.1.3}{\376\377\000I\000m\000p\000o\000r\000t\000a\000n\000t\000\040\000P\000r\000o\000p\000e\000r\000t\000i\000e\000s\000\040\000o\000f\000\040\000L}{chapter.1}% 10
\BOOKMARK [2][-]{subsection.1.3.1}{\376\377\000P\000r\000o\000p\000o\000s\000i\000t\000i\000o\000n\000a\000l\000\040\000V\000a\000l\000u\000a\000t\000i\000o\000n\000s}{section.1.3}% 11
\BOOKMARK [2][-]{subsection.1.3.2}{\376\377\000S\000o\000u\000n\000d\000n\000e\000s\000s}{section.1.3}% 12
\BOOKMARK [2][-]{subsection.1.3.3}{\376\377\000C\000o\000n\000s\000i\000s\000t\000e\000n\000c\000y}{section.1.3}% 13
\BOOKMARK [2][-]{subsection.1.3.4}{\376\377\000C\000o\000m\000p\000l\000e\000t\000e\000n\000e\000s\000s}{section.1.3}% 14
\BOOKMARK [0][-]{chapter.2}{\376\377\000F\000i\000r\000s\000t\000-\000O\000r\000d\000e\000r\000\040\000L\000o\000g\000i\000c}{}% 15
\BOOKMARK [1][-]{section.2.1}{\376\377\000L\000a\000n\000g\000u\000a\000g\000e\000s\000,\000\040\000S\000t\000r\000u\000c\000t\000u\000r\000e\000s\000\040\000a\000n\000d\000\040\000I\000n\000t\000e\000r\000p\000r\000e\000t\000a\000t\000i\000o\000n\000s}{chapter.2}% 16
\BOOKMARK [2][-]{subsection.2.1.1}{\376\377\000F\000i\000r\000s\000t\000-\000O\000r\000d\000e\000r\000\040\000S\000t\000r\000u\000c\000t\000u\000r\000e\000s}{section.2.1}% 17
\BOOKMARK [2][-]{subsection.2.1.2}{\376\377\000F\000i\000r\000s\000t\000-\000O\000r\000d\000e\000r\000\040\000L\000a\000n\000g\000u\000a\000g\000e\000s}{section.2.1}% 18
\BOOKMARK [2][-]{subsection.2.1.3}{\376\377\000F\000i\000r\000s\000t\000-\000O\000r\000d\000e\000r\000\040\000S\000t\000r\000u\000c\000t\000u\000r\000e\000s\000\040\000R\000e\000v\000i\000s\000i\000t\000e\000d}{section.2.1}% 19
\BOOKMARK [1][-]{section.2.2}{\376\377\000A\000\040\000B\000r\000i\000d\000g\000e\000\040\000b\000e\000t\000w\000e\000e\000n\000\040\000P\000r\000o\000p\000o\000s\000i\000t\000i\000o\000n\000a\000l\000\040\000a\000n\000d\000\040\000F\000i\000r\000s\000t\000-\000O\000r\000d\000e\000r\000\040\000L\000o\000g\000i\000c}{chapter.2}% 20
\BOOKMARK [2][-]{subsection.2.2.1}{\376\377\000V\000a\000l\000u\000a\000t\000i\000o\000n\000s\000\040\000S\000a\000t\000i\000s\000f\000y\000i\000n\000g\000\040\000F\000o\000r\000m\000u\000l\000a\000e}{section.2.2}% 21
\BOOKMARK [2][-]{subsection.2.2.2}{\376\377\000S\000u\000b\000s\000t\000i\000t\000u\000t\000i\000o\000n}{section.2.2}% 22
\BOOKMARK [1][-]{section.2.3}{\376\377\000V\000a\000r\000i\000a\000b\000l\000e\000s\000\040\000a\000n\000d\000\040\000t\000h\000e\000\040\000U\000n\000i\000v\000e\000r\000s\000a\000l\000\040\000Q\000u\000a\000n\000t\000i\000f\000i\000e\000r}{chapter.2}% 23
\BOOKMARK [2][-]{subsection.2.3.1}{\376\377\000B\000o\000u\000n\000d\000\040\000a\000n\000d\000\040\000F\000r\000e\000e\000\040\000V\000a\000r\000i\000a\000b\000l\000e\000s}{section.2.3}% 24
\BOOKMARK [2][-]{subsection.2.3.2}{\376\377\000A\000n\000\040\000A\000n\000a\000l\000o\000g\000u\000e\000\040\000o\000f\000\040\000C\000o\000m\000p\000l\000e\000t\000e\000n\000e\000s\000s}{section.2.3}% 25
\BOOKMARK [2][-]{subsection.2.3.3}{\376\377\000U\000n\000d\000e\000r\000s\000t\000a\000n\000d\000i\000n\000g\000\040\000t\000h\000e\000\040\000U\000n\000i\000v\000e\000r\000s\000a\000l\000\040\000Q\000u\000a\000n\000t\000i\000f\000i\000e\000r}{section.2.3}% 26
\BOOKMARK [1][-]{section.2.4}{\376\377\000A\000\040\000F\000o\000r\000m\000a\000l\000\040\000S\000y\000s\000t\000e\000m\000\040\000f\000o\000r\000\040\000F\000i\000r\000s\000t\000-\000O\000r\000d\000e\000r\000\040\000L\000o\000g\000i\000c}{chapter.2}% 27
\BOOKMARK [2][-]{subsection.2.4.1}{\376\377\000T\000h\000e\000\040\000F\000o\000r\000m\000a\000l\000\040\000D\000e\000d\000u\000c\000t\000i\000o\000n\000\040\000S\000y\000s\000t\000e\000m\000\040\000K\000L}{section.2.4}% 28
\BOOKMARK [2][-]{subsection.2.4.2}{\376\377\000T\000o\000o\000l\000s\000\040\000f\000o\000r\000\040\000D\000e\000d\000u\000c\000t\000i\000o\000n}{section.2.4}% 29
\BOOKMARK [2][-]{subsection.2.4.3}{\376\377\000S\000o\000u\000n\000d\000n\000e\000s\000s}{section.2.4}% 30
\BOOKMARK [2][-]{subsection.2.4.4}{\376\377\000C\000o\000n\000s\000i\000s\000t\000e\000n\000c\000y}{section.2.4}% 31
\BOOKMARK [2][-]{subsection.2.4.5}{\376\377\000M\000o\000d\000e\000l\000\040\000E\000x\000i\000s\000t\000e\000n\000c\000e}{section.2.4}% 32
\BOOKMARK [2][-]{subsection.2.4.6}{\376\377\000C\000o\000m\000p\000a\000c\000t\000n\000e\000s\000s}{section.2.4}% 33
\BOOKMARK [2][-]{subsection.2.4.7}{\376\377\000C\000o\000m\000p\000l\000e\000t\000e\000n\000e\000s\000s}{section.2.4}% 34
\BOOKMARK [1][-]{section.2.5}{\376\377\000F\000i\000r\000s\000t\000-\000O\000r\000d\000e\000r\000\040\000L\000a\000n\000g\000u\000a\000g\000e\000s\000\040\000w\000i\000t\000h\000\040\000E\000q\000u\000a\000l\000i\000t\000y}{chapter.2}% 35
\BOOKMARK [2][-]{subsection.2.5.1}{\376\377\000T\000h\000e\000\040\000A\000x\000i\000o\000m\000s\000\040\000o\000f\000\040\000E\000q\000u\000a\000l\000i\000t\000y}{section.2.5}% 36
\BOOKMARK [2][-]{subsection.2.5.2}{\376\377\000N\000o\000r\000m\000a\000l\000\040\000S\000t\000r\000u\000c\000t\000u\000r\000e\000s}{section.2.5}% 37
\BOOKMARK [2][-]{subsection.2.5.3}{\376\377\000N\000o\000r\000m\000a\000l\000\040\000M\000o\000d\000e\000l\000s}{section.2.5}% 38
\BOOKMARK [1][-]{section.2.6}{\376\377\000I\000m\000p\000o\000r\000t\000a\000n\000t\000\040\000E\000x\000a\000m\000p\000l\000e\000s}{chapter.2}% 39
\BOOKMARK [0][-]{chapter.3}{\376\377\000S\000e\000t\000\040\000T\000h\000e\000o\000r\000y}{}% 40
\BOOKMARK [1][-]{section.3.1}{\376\377\000A\000x\000i\000o\000m\000a\000t\000i\000c\000\040\000S\000e\000t\000\040\000T\000h\000e\000o\000r\000y}{chapter.3}% 41
\BOOKMARK [2][-]{subsection.3.1.1}{\376\377\000F\000a\000m\000i\000l\000i\000a\000r\000\040\000S\000e\000t\000-\000T\000h\000e\000o\000r\000e\000t\000i\000c\000\040\000C\000o\000n\000s\000t\000r\000u\000c\000t\000i\000o\000n\000s}{section.3.1}% 42
\BOOKMARK [2][-]{subsection.3.1.2}{\376\377\000T\000h\000e\000\040\000C\000o\000n\000c\000e\000p\000t\000\040\000o\000f\000\040\000C\000a\000r\000d\000i\000n\000a\000l\000i\000t\000y}{section.3.1}% 43
\BOOKMARK [2][-]{subsection.3.1.3}{\376\377\000T\000h\000e\000\040\000Z\000e\000r\000m\000e\000l\000o\000-\000F\000r\000a\000e\000n\000k\000e\000l\000\040\000A\000x\000i\000o\000m\000s}{section.3.1}% 44
\BOOKMARK [1][-]{section.3.2}{\376\377\000O\000r\000d\000i\000n\000a\000l\000s\000\040\000a\000n\000d\000\040\000O\000r\000d\000e\000r\000i\000n\000g}{chapter.3}% 45
\BOOKMARK [2][-]{subsection.3.2.1}{\376\377\000W\000e\000l\000l\000-\000O\000r\000d\000e\000r\000e\000d\000\040\000S\000e\000t\000s}{section.3.2}% 46
\BOOKMARK [2][-]{subsection.3.2.2}{\376\377\000A\000n\000\040\000I\000n\000t\000r\000o\000d\000u\000c\000t\000i\000o\000n\000\040\000t\000o\000\040\000O\000r\000d\000i\000n\000a\000l\000s}{section.3.2}% 47
\BOOKMARK [2][-]{subsection.3.2.3}{\376\377\000O\000r\000d\000i\000n\000a\000l\000s\000\040\000a\000n\000d\000\040\000W\000e\000l\000l\000-\000O\000r\000d\000e\000r\000e\000d\000\040\000S\000e\000t\000s}{section.3.2}% 48
\BOOKMARK [2][-]{subsection.3.2.4}{\376\377\000T\000r\000a\000n\000s\000f\000i\000n\000i\000t\000e\000\040\000I\000n\000d\000u\000c\000t\000i\000o\000n}{section.3.2}% 49
\BOOKMARK [2][-]{subsection.3.2.5}{\376\377\000T\000r\000a\000n\000s\000f\000i\000n\000i\000t\000e\000\040\000R\000e\000c\000u\000r\000s\000i\000o\000n}{section.3.2}% 50
\BOOKMARK [1][-]{section.3.3}{\376\377\000T\000h\000e\000\040\000A\000x\000i\000o\000m\000\040\000o\000f\000\040\000C\000h\000o\000i\000c\000e}{chapter.3}% 51
\BOOKMARK [2][-]{subsection.3.3.1}{\376\377\000T\000h\000e\000\040\000W\000e\000l\000l\000-\000O\000r\000d\000e\000r\000i\000n\000g\000\040\000P\000r\000i\000n\000c\000i\000p\000l\000e}{section.3.3}% 52
\BOOKMARK [2][-]{subsection.3.3.2}{\376\377\000A\000n\000\040\000I\000n\000t\000r\000o\000d\000u\000c\000t\000i\000o\000n\000\040\000t\000o\000\040\000C\000a\000r\000d\000i\000n\000a\000l\000\040\000A\000r\000i\000t\000h\000m\000e\000t\000i\000c}{section.3.3}% 53
\BOOKMARK [2][-]{subsection.3.3.3}{\376\377\000Z\000o\000r\000n\000'\000s\000\040\000L\000e\000m\000m\000a}{section.3.3}% 54
\BOOKMARK [0][-]{chapter*.7}{\376\377\000E\000x\000e\000r\000c\000i\000s\000e\000s}{}% 55
\BOOKMARK [1][-]{section*.8}{\376\377\000P\000r\000o\000b\000l\000e\000m\000s\000\040\000C\000l\000a\000s\000s\000\040\0001}{chapter*.7}% 56
\BOOKMARK [1][-]{section*.9}{\376\377\000P\000r\000o\000b\000l\000e\000m\000s\000\040\000C\000l\000a\000s\000s\000\040\0002}{chapter*.7}% 57
\BOOKMARK [0][-]{Item.198}{\376\377\000R\000e\000f\000e\000r\000e\000n\000c\000e\000s}{}% 58
